{
  "RSpec": {
    "coverage": {
      "/Users/indisaurusrex/Projects/Ruby-based/bank-tech-test/spec/account_spec.rb": {
        "lines": [
          null,
          null,
          1,
          null,
          1,
          1,
          1,
          1,
          1,
          null,
          null,
          null,
          null
        ]
      },
      "/Users/indisaurusrex/Projects/Ruby-based/bank-tech-test/app.rb": {
        "lines": [
          null,
          null,
          1,
          null,
          1,
          1,
          3,
          3,
          null,
          null,
          1,
          3,
          3,
          null,
          null,
          1,
          1,
          1,
          null,
          null,
          1,
          3,
          3,
          null,
          null,
          null,
          1,
          1,
          4,
          4,
          null,
          null,
          1,
          4,
          4,
          4,
          null,
          4,
          3,
          null,
          1,
          null,
          null,
          null,
          null,
          1,
          4,
          null,
          null,
          1,
          4,
          null,
          null,
          1,
          4,
          3,
          null,
          1,
          null,
          null,
          null,
          1,
          4,
          4,
          null,
          null,
          null
        ]
      },
      "/Users/indisaurusrex/Projects/Ruby-based/bank-tech-test/spec/deposit_spec.rb": {
        "lines": [

        ]
      },
      "/Users/indisaurusrex/Projects/Ruby-based/bank-tech-test/spec/features/make_a_deposit_spec.rb": {
        "lines": [
          null,
          null,
          1,
          1,
          1,
          1,
          1,
          1,
          1,
          null,
          null,
          null,
          null,
          2,
          null,
          null,
          null
        ]
      },
      "/Users/indisaurusrex/Projects/Ruby-based/bank-tech-test/spec/features/make_a_withdrawal_spec.rb": {
        "lines": [
          null,
          null,
          1,
          1,
          1,
          1,
          1,
          1,
          1,
          null,
          null,
          null,
          null,
          2,
          null,
          null,
          null
        ]
      },
      "/Users/indisaurusrex/Projects/Ruby-based/bank-tech-test/spec/print_statement_spec.rb": {
        "lines": [
          null,
          null,
          1,
          1,
          1,
          1,
          1,
          null,
          null,
          null
        ]
      },
      "/Users/indisaurusrex/Projects/Ruby-based/bank-tech-test/spec/withdraw_spec.rb": {
        "lines": [

        ]
      }
    },
    "timestamp": 1597227167
  }
}
